\BOOKMARK [1][-]{section.1}{Glossary}{}% 1
\BOOKMARK [1][-]{section.2}{Very broad introduction: Radiation Hydrodynamics}{}% 2
\BOOKMARK [2][-]{subsection.2.1}{Definitions and equations}{section.2}% 3
\BOOKMARK [2][-]{subsection.2.2}{Overview of symmetry assumptions}{section.2}% 4
\BOOKMARK [1][-]{section.3}{General equations - first year overview}{}% 5
\BOOKMARK [1][-]{section.4}{Introduction: course material \(Sundqvist - CMPAA course\)}{}% 6
\BOOKMARK [2][-]{subsection.4.1}{EXERCISES: Introduction to numerical methods for radiation in astrophysics}{section.4}% 7
\BOOKMARK [2][-]{subsection.4.2}{Implicit 1D solver \(20-11-2018\)}{section.4}% 8
\BOOKMARK [2][-]{subsection.4.3}{ADI 2D Solver}{section.4}% 9
\BOOKMARK [2][-]{subsection.4.4}{Area of a circle}{section.4}% 10
\BOOKMARK [2][-]{subsection.4.5}{Limb Darkening}{section.4}% 11
\BOOKMARK [1][-]{section.5}{The mathematics of Radiative Transfer}{}% 12
\BOOKMARK [2][-]{subsection.5.1}{Auxiliary mathematics}{section.5}% 13
\BOOKMARK [2][-]{subsection.5.2}{The H-functions}{section.5}% 14
\BOOKMARK [1][-]{section.6}{Monte Carlo and Radiative Transfer \(Puls\)}{}% 15
\BOOKMARK [2][-]{subsection.6.1}{basic definitions and facts}{section.6}% 16
\BOOKMARK [2][-]{subsection.6.2}{about random numbers}{section.6}% 17
\BOOKMARK [2][-]{subsection.6.3}{MC integration}{section.6}% 18
\BOOKMARK [2][-]{subsection.6.4}{MC simulation}{section.6}% 19
\BOOKMARK [2][-]{subsection.6.5}{Exercise 1: RNG}{section.6}% 20
\BOOKMARK [2][-]{subsection.6.6}{Exercise 2: Planck-function}{section.6}% 21
\BOOKMARK [2][-]{subsection.6.7}{limb darkening}{section.6}% 22
\BOOKMARK [1][-]{section.7}{Introduction to Monte Carlo Radiation Transfer \(Wood+\)}{}% 23
\BOOKMARK [2][-]{subsection.7.1}{Elementary principles}{section.7}% 24
\BOOKMARK [2][-]{subsection.7.2}{Eddington factors}{section.7}% 25
\BOOKMARK [2][-]{subsection.7.3}{Example: plane parallel atmosphere}{section.7}% 26
\BOOKMARK [2][-]{subsection.7.4}{Monte Carlo Radiative Transfer}{section.7}% 27
\BOOKMARK [2][-]{subsection.7.5}{P Cygni profile for beta-velocity law and given opacity Monte Carlo simulation}{section.7}% 28
\BOOKMARK [1][-]{section.8}{Challenges in Radiative Transfer \(Ivan Milic\)}{}% 29
\BOOKMARK [2][-]{subsection.8.1}{Overview of the problem}{section.8}% 30
\BOOKMARK [2][-]{subsection.8.2}{Challenging domains of application}{section.8}% 31
\BOOKMARK [1][-]{section.9}{Asymptotic Preserving Monte Carlo methods for transport equations in the diffusive limit \(Dimarco+2018\)}{}% 32
\BOOKMARK [1][-]{section.10}{Splitting methods}{}% 33
\BOOKMARK [2][-]{subsection.10.1}{Exercises}{section.10}% 34
