         0.0250        40.0000
         0.0750         0.0000
         0.1250         8.0000
         0.1750         5.7143
         0.2250        17.7778
         0.2750         7.2727
         0.3250        15.3846
         0.3750        10.6667
         0.4250        16.4706
         0.4750        12.6316
         0.5250         5.7143
         0.5750        13.9130
         0.6250        14.4000
         0.6750         8.8889
         0.7250        12.4138
         0.7750         7.7419
         0.8250         2.4242
         0.8750        10.2857
         0.9250         7.5676
         0.9750        10.2564
