\BOOKMARK [0][-]{part.1}{I Radiative Transfer: theory}{}% 1
\BOOKMARK [1][-]{section.1}{Very broad introduction \046 Summary}{part.1}% 2
\BOOKMARK [2][-]{subsection.1.1}{Definition of specific intensity}{section.1}% 3
\BOOKMARK [2][-]{subsection.1.2}{Radiation equations}{section.1}% 4
\BOOKMARK [2][-]{subsection.1.3}{Radiative Diffusion Approximation}{section.1}% 5
\BOOKMARK [2][-]{subsection.1.4}{Applications and approximations for radiative forces}{section.1}% 6
\BOOKMARK [2][-]{subsection.1.5}{RHD equations}{section.1}% 7
\BOOKMARK [2][-]{subsection.1.6}{Overview of symmetry assumptions}{section.1}% 8
\BOOKMARK [2][-]{subsection.1.7}{Overview of units}{section.1}% 9
\BOOKMARK [1][-]{section.2}{The mathematics of Radiative Transfer}{part.1}% 10
\BOOKMARK [2][-]{subsection.2.1}{Auxiliary mathematics}{section.2}% 11
\BOOKMARK [2][-]{subsection.2.2}{Integral equations}{section.2}% 12
\BOOKMARK [1][-]{section.3}{Challenges in Radiative Transfer}{part.1}% 13
\BOOKMARK [2][-]{subsection.3.1}{Overview of the problem}{section.3}% 14
\BOOKMARK [2][-]{subsection.3.2}{Challenging domains of application}{section.3}% 15
\BOOKMARK [1][-]{section.4}{Stellar Winds}{part.1}% 16
\BOOKMARK [2][-]{subsection.4.1}{Chronology of stellar wind studies}{section.4}% 17
\BOOKMARK [2][-]{subsection.4.2}{Observations \046 Formation of spectral lines in stellar winds}{section.4}% 18
\BOOKMARK [1][-]{section.5}{Glossary}{part.1}% 19
\BOOKMARK [0][-]{part.2}{II Radiative Transfer: numerical techniques}{}% 20
\BOOKMARK [1][-]{section.6}{Introduction to Monte Carlo Radiation Transfer}{part.2}% 21
\BOOKMARK [2][-]{subsection.6.1}{Elementary principles}{section.6}% 22
\BOOKMARK [2][-]{subsection.6.2}{Example: plane parallel atmosphere}{section.6}% 23
\BOOKMARK [1][-]{section.7}{Asymptotic Preserving Monte Carlo methods for transport equations in the diffusive limit}{part.2}% 24
\BOOKMARK [1][-]{section.8}{Fluid and hybrid Fluid-Kinetic models \(for neutral particles in plasma edge\) \(Horsten2019\)}{part.2}% 25
\BOOKMARK [1][-]{section.9}{Overview of existing \(Monte Carlo\) radiative transfer codes}{part.2}% 26
\BOOKMARK [2][-]{subsection.9.1}{Synthesis codes}{section.9}% 27
\BOOKMARK [2][-]{subsection.9.2}{Inversion codes}{section.9}% 28
\BOOKMARK [0][-]{part.3}{III Practical work and Exercises}{}% 29
\BOOKMARK [1][-]{section.10}{Overview of exercises \(PART I\)}{part.3}% 30
\BOOKMARK [1][-]{section.11}{Overview of exercises \(PART II\)}{part.3}% 31
\BOOKMARK [1][-]{section.12}{Overview of exercises \(PART III\)}{part.3}% 32
\BOOKMARK [1][-]{section.13}{Overview of exercises \(PART IV\)}{part.3}% 33
\BOOKMARK [1][-]{section.14}{Multiline transfer \(PART I\)}{part.3}% 34
\BOOKMARK [1][-]{section.15}{Multiline transfer \(PART II\)}{part.3}% 35
\BOOKMARK [1][-]{section.16}{Preparation for Equation meeting on 15 October}{part.3}% 36
\BOOKMARK [1][-]{section.17}{Introductory exercises}{part.3}% 37
\BOOKMARK [2][-]{subsection.17.1}{Analytical exercises}{section.17}% 38
\BOOKMARK [2][-]{subsection.17.2}{Numerical exercises}{section.17}% 39
\BOOKMARK [2][-]{subsection.17.3}{Other Exercises}{section.17}% 40
\BOOKMARK [1][-]{section.18}{Limb darkening}{part.3}% 41
\BOOKMARK [2][-]{subsection.18.1}{Formulation of the problem}{section.18}% 42
\BOOKMARK [2][-]{subsection.18.2}{Solving the \(integro-differential\) radiative transfer equation}{section.18}% 43
\BOOKMARK [2][-]{subsection.18.3}{Eddington-Barbier approximation}{section.18}% 44
\BOOKMARK [2][-]{subsection.18.4}{2D Case}{section.18}% 45
\BOOKMARK [2][-]{subsection.18.5}{3D Case}{section.18}% 46
\BOOKMARK [1][-]{section.19}{Spectral line formation: pcyg.f90}{part.3}% 47
\BOOKMARK [2][-]{subsection.19.1}{First adaptation: what if all photons are released radially from photosphere?}{section.19}% 48
\BOOKMARK [2][-]{subsection.19.2}{Second adaptation: isotropic scattering}{section.19}% 49
\BOOKMARK [2][-]{subsection.19.3}{Third adaptation: introduction of Eddington limb-darkening}{section.19}% 50
\BOOKMARK [2][-]{subsection.19.4}{Fourth adaptaion: photospheric line-profile}{section.19}% 51
\BOOKMARK [2][-]{subsection.19.5}{Convergence analysis}{section.19}% 52
\BOOKMARK [2][-]{subsection.19.6}{Variance reduction experiment}{section.19}% 53
\BOOKMARK [2][-]{subsection.19.7}{Mathematical description of the problem \046 Looking at literature}{section.19}% 54
\BOOKMARK [1][-]{section.20}{Transferring the code to Matlab}{part.3}% 55
\BOOKMARK [2][-]{subsection.20.1}{Limit variables}{section.20}% 56
\BOOKMARK [2][-]{subsection.20.2}{Comparison}{section.20}% 57
\BOOKMARK [2][-]{subsection.20.3}{Optimizations}{section.20}% 58
\BOOKMARK [1][-]{section.21}{Theoretical background}{part.3}% 59
\BOOKMARK [2][-]{subsection.21.1}{General things}{section.21}% 60
\BOOKMARK [2][-]{subsection.21.2}{Special case: xmuestart = 1}{section.21}% 61
\BOOKMARK [1][-]{section.22}{Extension to higher dimensions}{part.3}% 62
\BOOKMARK [1][-]{section.23}{Dual spectral line formation}{part.3}% 63
\BOOKMARK [2][-]{subsection.23.1}{Development of computer code \(in Matlab\)}{section.23}% 64
\BOOKMARK [2][-]{subsection.23.2}{Experiments and results}{section.23}% 65
\BOOKMARK [1][-]{section.24}{Computing the radiation force \046 luminosity L\(r\)}{part.3}% 66
\BOOKMARK [2][-]{subsection.24.1}{Theoretical formulas}{section.24}% 67
\BOOKMARK [2][-]{subsection.24.2}{Solution strategy}{section.24}% 68
\BOOKMARK [2][-]{subsection.24.3}{Checking the correctness of the program}{section.24}% 69
\BOOKMARK [2][-]{subsection.24.4}{Computing the radiation force for one line}{section.24}% 70
\BOOKMARK [2][-]{subsection.24.5}{Multiple lines}{section.24}% 71
\BOOKMARK [1][-]{section.25}{Closer look at Monte Carlo simulations}{part.3}% 72
\BOOKMARK [2][-]{subsection.25.1}{Random walk \(diffusion equation\)}{section.25}% 73
\BOOKMARK [2][-]{subsection.25.2}{Limb darkening}{section.25}% 74
\BOOKMARK [0][-]{part.4}{IV Questions}{}% 75
\BOOKMARK [1][-]{section.26}{Questions for professor Sundqvist}{part.4}% 76
\BOOKMARK [1][-]{section.27}{Questions for professor Samaey}{part.4}% 77
\BOOKMARK [1][-]{section.28}{Solved questions}{part.4}% 78
\BOOKMARK [1][-]{section.29}{Interesting problems}{part.4}% 79
\BOOKMARK [1][-]{section.30}{Do not forget}{part.4}% 80
\BOOKMARK [0][-]{part.5}{V Thesis meetings}{}% 81
\BOOKMARK [1][-]{section.31}{Meeting on 6 September 2019}{part.5}% 82
\BOOKMARK [1][-]{section.32}{Meeting on 23 September 2019}{part.5}% 83
\BOOKMARK [1][-]{section.33}{Meeting on 30 September 2019}{part.5}% 84
\BOOKMARK [0][-]{part.6}{VI Equation meetings}{}% 85
